<?xml version="1.0" encoding="UTF-8"?>
<testng-results skipped="0" failed="0" ignored="0" total="1" passed="1">
  <reporter-output>
  </reporter-output>
  <suite name="InetBankingV1" duration-ms="53186" started-at="2021-01-28T05:47:59Z" finished-at="2021-01-28T05:48:52Z">
    <groups>
    </groups>
    <test name="BankingApp Test" duration-ms="53186" started-at="2021-01-28T05:47:59Z" finished-at="2021-01-28T05:48:52Z">
      <class name="com.inetBanking.testCases.TC_CTSReportTest_009">
        <test-method status="PASS" signature="setup(java.lang.String)[pri:0, instance:com.inetBanking.testCases.TC_CTSReportTest_009@ff5b51f]" name="setup" is-config="true" duration-ms="16191" started-at="2021-01-28T05:47:59Z" finished-at="2021-01-28T05:48:15Z">
          <params>
            <param index="0">
              <value>
                <![CDATA[chrome]]>
              </value>
            </param>
          </params>
          <reporter-output>
          </reporter-output>
        </test-method> <!-- setup -->
        <test-method status="PASS" signature="CTSReport()[pri:0, instance:com.inetBanking.testCases.TC_CTSReportTest_009@ff5b51f]" name="CTSReport" duration-ms="36328" started-at="2021-01-28T05:48:15Z" finished-at="2021-01-28T05:48:51Z">
          <reporter-output>
          </reporter-output>
        </test-method> <!-- CTSReport -->
        <test-method status="PASS" signature="tearDown()[pri:0, instance:com.inetBanking.testCases.TC_CTSReportTest_009@ff5b51f]" name="tearDown" is-config="true" duration-ms="642" started-at="2021-01-28T05:48:51Z" finished-at="2021-01-28T05:48:52Z">
          <reporter-output>
          </reporter-output>
        </test-method> <!-- tearDown -->
      </class> <!-- com.inetBanking.testCases.TC_CTSReportTest_009 -->
    </test> <!-- BankingApp Test -->
  </suite> <!-- InetBankingV1 -->
</testng-results>
